#
# There is insufficient memory for the Java Runtime Environment to continue.
# Native memory allocation (malloc) failed to allocate 1048576 bytes. Error detail: AllocateHeap
# Possible reasons:
#   The system is out of physical RAM or swap space
#   This process is running with CompressedOops enabled, and the Java Heap may be blocking the growth of the native heap
# Possible solutions:
#   Reduce memory load on the system
#   Increase physical memory or swap space
#   Check if swap backing store is full
#   Decrease Java heap size (-Xmx/-Xms)
#   Decrease number of Java threads
#   Decrease Java thread stack sizes (-Xss)
#   Set larger code cache with -XX:ReservedCodeCacheSize=
#   JVM is running with Unscaled Compressed Oops mode in which the Java heap is
#     placed in the first 4GB address space. The Java Heap base address is the
#     maximum limit for the native heap growth. Please use -XX:HeapBaseMinAddress
#     to set the Java Heap base and to place the Java Heap above 4GB virtual address.
# This output file may be truncated or incomplete.
#
#  Out of Memory Error (allocation.cpp:44), pid=17308, tid=31656
#
# JRE version: OpenJDK Runtime Environment Temurin-21.0.10+7 (21.0.10+7) (build 21.0.10+7-LTS)
# Java VM: OpenJDK 64-Bit Server VM Temurin-21.0.10+7 (21.0.10+7-LTS, mixed mode, sharing, tiered, compressed oops, compressed class ptrs, parallel gc, windows-amd64)
# No core dump will be written. Minidumps are not enabled by default on client versions of Windows
#

---------------  S U M M A R Y ------------

Command Line: --add-modules=ALL-SYSTEM --add-opens=java.base/java.util=ALL-UNNAMED --add-opens=java.base/java.lang=ALL-UNNAMED --add-opens=java.base/sun.nio.fs=ALL-UNNAMED -Declipse.application=org.eclipse.jdt.ls.core.id1 -Dosgi.bundles.defaultStartLevel=4 -Declipse.product=org.eclipse.jdt.ls.core.product -Djava.import.generatesMetadataFilesAtProjectRoot=false -DDetectVMInstallationsJob.disabled=true -Dfile.encoding=utf8 -XX:+UseParallelGC -XX:GCTimeRatio=4 -XX:AdaptiveSizePolicyWeight=90 -Dsun.zip.disableMemoryMapping=true -Xmx2G -Xms100m -Xlog:disable -javaagent:c:\Users\Jose David Vergara\.vscode\extensions\redhat.java-1.53.0-win32-x64\lombok\lombok-1.18.39-4050.jar -XX:+HeapDumpOnOutOfMemoryError -XX:HeapDumpPath=c:\Users\Jose David Vergara\AppData\Roaming\Code\User\workspaceStorage\6995c0b330234806b647ef0b9f053eca\redhat.java -Daether.dependencyCollector.impl=bf c:\Users\Jose David Vergara\.vscode\extensions\redhat.java-1.53.0-win32-x64\server\plugins\org.eclipse.equinox.launcher_1.7.100.v20251111-0406.jar -configuration c:\Users\Jose David Vergara\AppData\Roaming\Code\User\globalStorage\redhat.java\1.53.0\config_win -data c:\Users\Jose David Vergara\AppData\Roaming\Code\User\workspaceStorage\6995c0b330234806b647ef0b9f053eca\redhat.java\jdt_ws --pipe=\\.\pipe\lsp-955c6fc76ca268859e995c1ebb186fef-sock

Host: 13th Gen Intel(R) Core(TM) i3-1315U, 8 cores, 15G,  Windows 11 , 64 bit Build 26100 (10.0.26100.7920)
Time: Wed Mar 25 08:38:11 2026 Hora est. Pacífico, Sudamérica elapsed time: 5302.534456 seconds (0d 1h 28m 22s)

---------------  T H R E A D  ---------------

Current thread (0x00000143778b71c0):  JavaThread "Attach Listener" daemon [_thread_in_vm, id=31656, stack(0x0000003777f00000,0x0000003778000000) (1024K)]

Stack: [0x0000003777f00000,0x0000003778000000]
Native frames: (J=compiled Java code, j=interpreted, Vv=VM code, C=native code)
V  [jvm.dll+0x6d7a39]
V  [jvm.dll+0x8b4b26]
V  [jvm.dll+0x8b70de]
V  [jvm.dll+0x8b77c3]
V  [jvm.dll+0x284346]
V  [jvm.dll+0xc1277]
V  [jvm.dll+0x6d82e9]
V  [jvm.dll+0x1334a6]
V  [jvm.dll+0x3f857e]
V  [jvm.dll+0x85f59d]
V  [jvm.dll+0x6d626d]
C  [ucrtbase.dll+0x37b0]
C  [KERNEL32.DLL+0x2e8d7]
C  [ntdll.dll+0x8c48c]


---------------  P R O C E S S  ---------------

Threads class SMR info:
_java_thread_list=0x000001435625ae90, length=41, elements={
0x0000014375509020, 0x00000143779faac0, 0x00000143779fdd50, 0x00000143778b6760,
0x00000143778b71c0, 0x00000143778b9790, 0x00000143778bfa60, 0x00000143778c6b50,
0x00000143778d54a0, 0x0000014350db1e90, 0x0000014350edd240, 0x00000143557ed5f0,
0x0000014355737a40, 0x000001435581abe0, 0x0000014355834bd0, 0x0000014355dceeb0,
0x000001435579ee10, 0x0000014355cae6b0, 0x00000143556d1260, 0x00000143556d1f80,
0x00000143556d39c0, 0x0000014357970cf0, 0x000001435796e590, 0x0000014357970660,
0x000001435796ffd0, 0x000001435796df00, 0x0000014357971380, 0x0000014357971a10,
0x000001435796f2b0, 0x000001435796f940, 0x000001435796ec20, 0x0000014357972dc0,
0x0000014356299220, 0x0000014358df1790, 0x0000014358def6c0, 0x0000014358df1e20,
0x0000014357975520, 0x000001435629b980, 0x0000014357974800, 0x00000143562998b0,
0x0000014358dee9a0
}

Java Threads: ( => current thread )
  0x0000014375509020 JavaThread "main"                              [_thread_blocked, id=32756, stack(0x0000003777800000,0x0000003777900000) (1024K)]
  0x00000143779faac0 JavaThread "Reference Handler"          daemon [_thread_blocked, id=17188, stack(0x0000003777c00000,0x0000003777d00000) (1024K)]
  0x00000143779fdd50 JavaThread "Finalizer"                  daemon [_thread_blocked, id=17924, stack(0x0000003777d00000,0x0000003777e00000) (1024K)]
  0x00000143778b6760 JavaThread "Signal Dispatcher"          daemon [_thread_blocked, id=27096, stack(0x0000003777e00000,0x0000003777f00000) (1024K)]
=>0x00000143778b71c0 JavaThread "Attach Listener"            daemon [_thread_in_vm, id=31656, stack(0x0000003777f00000,0x0000003778000000) (1024K)]
  0x00000143778b9790 JavaThread "Service Thread"             daemon [_thread_blocked, id=30668, stack(0x0000003778000000,0x0000003778100000) (1024K)]
  0x00000143778bfa60 JavaThread "Monitor Deflation Thread"   daemon [_thread_blocked, id=13844, stack(0x0000003778100000,0x0000003778200000) (1024K)]
  0x00000143778c6b50 JavaThread "C2 CompilerThread0"         daemon [_thread_blocked, id=32844, stack(0x0000003778200000,0x0000003778300000) (1024K)]
  0x00000143778d54a0 JavaThread "C1 CompilerThread0"         daemon [_thread_blocked, id=940, stack(0x0000003778300000,0x0000003778400000) (1024K)]
  0x0000014350db1e90 JavaThread "Common-Cleaner"             daemon [_thread_blocked, id=17888, stack(0x0000003778400000,0x0000003778500000) (1024K)]
  0x0000014350edd240 JavaThread "Notification Thread"        daemon [_thread_blocked, id=24132, stack(0x0000003778500000,0x0000003778600000) (1024K)]
  0x00000143557ed5f0 JavaThread "Active Thread: Equinox Container: 76a6a98c-72e3-41af-be2e-60cc332f34b8"        [_thread_blocked, id=2784, stack(0x0000003778e00000,0x0000003778f00000) (1024K)]
  0x0000014355737a40 JavaThread "Refresh Thread: Equinox Container: 76a6a98c-72e3-41af-be2e-60cc332f34b8" daemon [_thread_blocked, id=19932, stack(0x0000003779000000,0x0000003779100000) (1024K)]
  0x000001435581abe0 JavaThread "Framework Event Dispatcher: Equinox Container: 76a6a98c-72e3-41af-be2e-60cc332f34b8" daemon [_thread_blocked, id=10700, stack(0x0000003779100000,0x0000003779200000) (1024K)]
  0x0000014355834bd0 JavaThread "Start Level: Equinox Container: 76a6a98c-72e3-41af-be2e-60cc332f34b8" daemon [_thread_blocked, id=14716, stack(0x0000003779200000,0x0000003779300000) (1024K)]
  0x0000014355dceeb0 JavaThread "Bundle File Closer"         daemon [_thread_blocked, id=35756, stack(0x0000003779300000,0x0000003779400000) (1024K)]
  0x000001435579ee10 JavaThread "SCR Component Actor"        daemon [_thread_blocked, id=16520, stack(0x0000003779400000,0x0000003779500000) (1024K)]
  0x0000014355cae6b0 JavaThread "Worker-JM"                         [_thread_blocked, id=6976, stack(0x0000003778600000,0x0000003778700000) (1024K)]
  0x00000143556d1260 JavaThread "JNA Cleaner"                daemon [_thread_blocked, id=28108, stack(0x0000003778700000,0x0000003778800000) (1024K)]
  0x00000143556d1f80 JavaThread "Java indexing"              daemon [_thread_blocked, id=26764, stack(0x0000003779800000,0x0000003779900000) (1024K)]
  0x00000143556d39c0 JavaThread "Thread-1"                   daemon [_thread_in_native, id=35052, stack(0x0000003779d00000,0x0000003779e00000) (1024K)]
  0x0000014357970cf0 JavaThread "Thread-2"                   daemon [_thread_in_native, id=26836, stack(0x0000003779e00000,0x0000003779f00000) (1024K)]
  0x000001435796e590 JavaThread "Thread-3"                   daemon [_thread_in_native, id=2192, stack(0x0000003779f00000,0x000000377a000000) (1024K)]
  0x0000014357970660 JavaThread "Thread-4"                   daemon [_thread_in_native, id=18048, stack(0x000000377a000000,0x000000377a100000) (1024K)]
  0x000001435796ffd0 JavaThread "Thread-5"                   daemon [_thread_in_native, id=30224, stack(0x000000377a100000,0x000000377a200000) (1024K)]
  0x000001435796df00 JavaThread "Thread-6"                   daemon [_thread_in_native, id=8472, stack(0x000000377a200000,0x000000377a300000) (1024K)]
  0x0000014357971380 JavaThread "Thread-7"                   daemon [_thread_in_native, id=34952, stack(0x000000377a300000,0x000000377a400000) (1024K)]
  0x0000014357971a10 JavaThread "Thread-8"                   daemon [_thread_in_native, id=35488, stack(0x000000377a400000,0x000000377a500000) (1024K)]
  0x000001435796f2b0 JavaThread "Thread-9"                   daemon [_thread_in_native, id=31520, stack(0x000000377a500000,0x000000377a600000) (1024K)]
  0x000001435796f940 JavaThread "pool-2-thread-1"                   [_thread_blocked, id=30380, stack(0x0000003779c00000,0x0000003779d00000) (1024K)]
  0x000001435796ec20 JavaThread "WorkspaceEventsHandler"            [_thread_blocked, id=18016, stack(0x000000377a600000,0x000000377a700000) (1024K)]
  0x0000014357972dc0 JavaThread "pool-1-thread-1"                   [_thread_blocked, id=34004, stack(0x000000377a700000,0x000000377a800000) (1024K)]
  0x0000014356299220 JavaThread "Cleaner-0"                  daemon [_thread_blocked, id=12728, stack(0x0000003779a00000,0x0000003779b00000) (1024K)]
  0x0000014358df1790 JavaThread "Java Debug Server"          daemon [_thread_in_native, id=30236, stack(0x0000003779600000,0x0000003779700000) (1024K)]
  0x0000014358def6c0 JavaThread "RxSchedulerPurge-1"         daemon [_thread_blocked, id=25008, stack(0x000000377b200000,0x000000377b300000) (1024K)]
  0x0000014358df1e20 JavaThread "RxCachedWorkerPoolEvictor-1" daemon [_thread_blocked, id=25260, stack(0x000000377b300000,0x000000377b400000) (1024K)]
  0x0000014357975520 JavaThread "process reaper (pid 23528)" daemon [_thread_in_native, id=1632, stack(0x0000003777190000,0x00000037771b0000) (128K)]
  0x000001435629b980 JavaThread "Worker-10"                         [_thread_blocked, id=31416, stack(0x000000377b000000,0x000000377b100000) (1024K)]
  0x0000014357974800 JavaThread "pool-5-thread-3"                   [_thread_in_native, id=31248, stack(0x000000377b400000,0x000000377b500000) (1024K)]
  0x00000143562998b0 JavaThread "RxNewThreadScheduler-9"     daemon [_thread_blocked, id=35268, stack(0x000000377ac00000,0x000000377ad00000) (1024K)]
  0x0000014358dee9a0 JavaThread "Worker-13"                         [_thread_blocked, id=35432, stack(0x0000003779900000,0x0000003779a00000) (1024K)]
Total: 41

Other Threads:
  0x00000143778b2df0 VMThread "VM Thread"                           [id=11020, stack(0x0000003777b00000,0x0000003777c00000) (1024K)]
  0x00000143779ab1a0 WatcherThread "VM Periodic Task Thread"        [id=8852, stack(0x0000003777a00000,0x0000003777b00000) (1024K)]
  0x000001437795a130 WorkerThread "GC Thread#0"                     [id=11512, stack(0x0000003777900000,0x0000003777a00000) (1024K)]
  0x0000014355114c80 WorkerThread "GC Thread#1"                     [id=12580, stack(0x0000003778800000,0x0000003778900000) (1024K)]
  0x0000014355115030 WorkerThread "GC Thread#2"                     [id=12228, stack(0x0000003778900000,0x0000003778a00000) (1024K)]
  0x00000143551153e0 WorkerThread "GC Thread#3"                     [id=7632, stack(0x0000003778a00000,0x0000003778b00000) (1024K)]
  0x0000014355113a10 WorkerThread "GC Thread#4"                     [id=18884, stack(0x0000003778b00000,0x0000003778c00000) (1024K)]
  0x0000014355114520 WorkerThread "GC Thread#5"                     [id=4184, stack(0x0000003778c00000,0x0000003778d00000) (1024K)]
  0x0000014355113dc0 WorkerThread "GC Thread#6"                     [id=18952, stack(0x0000003778d00000,0x0000003778e00000) (1024K)]
  0x0000014355114170 WorkerThread "GC Thread#7"                     [id=33288, stack(0x0000003778f00000,0x0000003779000000) (1024K)]
Total: 10

Threads with active compile tasks:
Total: 0

VM state: not at safepoint (normal execution)

VM Mutex/Monitor currently owned by a thread: None

Heap address: 0x0000000080000000, size: 2048 MB, Compressed Oops mode: 32-bit

CDS archive(s) mapped at: [0x000001430f000000-0x000001430fba0000-0x000001430fba0000), size 12189696, SharedBaseAddress: 0x000001430f000000, ArchiveRelocationMode: 1.
Compressed class space mapped at: 0x0000014310000000-0x0000014350000000, reserved size: 1073741824
Narrow klass base: 0x000001430f000000, Narrow klass shift: 0, Narrow klass range: 0x100000000

GC Precious Log:
 CardTable entry size: 512
 CPUs: 8 total, 8 available
 Memory: 16095M
 Large Page Support: Disabled
 NUMA Support: Disabled
 Compressed Oops: Enabled (32-bit)
 Alignments: Space 512K, Generation 512K, Heap 2M
 Heap Min Capacity: 100M
 Heap Initial Capacity: 100M
 Heap Max Capacity: 2G
 Pre-touch: Disabled
 Parallel Workers: 8

Heap:
 PSYoungGen      total 7168K, used 6020K [0x00000000d5580000, 0x00000000d6180000, 0x0000000100000000)
  eden space 6144K, 86% used [0x00000000d5580000,0x00000000d5aa9168,0x00000000d5b80000)
  from space 1024K, 71% used [0x00000000d6080000,0x00000000d6138000,0x00000000d6180000)
  to   space 2048K, 0% used [0x00000000d5d80000,0x00000000d5d80000,0x00000000d5f80000)
 ParOldGen       total 944128K, used 943854K [0x0000000080000000, 0x00000000b9a00000, 0x00000000d5580000)
  object space 944128K, 99% used [0x0000000080000000,0x00000000b99bbab8,0x00000000b9a00000)
 Metaspace       used 101539K, committed 103552K, reserved 1179648K
  class space    used 10525K, committed 11392K, reserved 1048576K

Card table byte_map: [0x00000143772e0000,0x00000143776f0000] _byte_map_base: 0x0000014376ee0000

Marking Bits: (ParMarkBitMap*) 0x00007ffa449a3450
 Begin Bits: [0x000001437adf0000, 0x000001437cdf0000)
 End Bits:   [0x000001437cdf0000, 0x000001437edf0000)

Polling page: 0x0000014375720000

Metaspace:

Usage:
  Non-class:     88.88 MB used.
      Class:     10.28 MB used.
       Both:     99.16 MB used.

Virtual space:
  Non-class space:      128.00 MB reserved,      90.00 MB ( 70%) committed,  2 nodes.
      Class space:        1.00 GB reserved,      11.12 MB (  1%) committed,  1 nodes.
             Both:        1.12 GB reserved,     101.12 MB (  9%) committed. 

Chunk freelists:
   Non-Class:  5.99 MB
       Class:  4.75 MB
        Both:  10.74 MB

MaxMetaspaceSize: unlimited
CompressedClassSpaceSize: 1.00 GB
Initial GC threshold: 21.00 MB
Current GC threshold: 163.88 MB
CDS: on
 - commit_granule_bytes: 65536.
 - commit_granule_words: 8192.
 - virtual_space_node_default_size: 8388608.
 - enlarge_chunks_in_place: 1.
 - use_allocation_guard: 0.


Internal statistics:

num_allocs_failed_limit: 9.
num_arena_births: 1896.
num_arena_deaths: 18.
num_vsnodes_births: 3.
num_vsnodes_deaths: 0.
num_space_committed: 1618.
num_space_uncommitted: 0.
num_chunks_returned_to_freelist: 28.
num_chunks_taken_from_freelist: 6913.
num_chunk_merges: 12.
num_chunk_splits: 4111.
num_chunks_enlarged: 2221.
num_inconsistent_stats: 0.

CodeHeap 'non-profiled nmethods': size=120000Kb used=26112Kb max_used=26112Kb free=93887Kb
 bounds [0x0000014307ad0000, 0x0000014309460000, 0x000001430f000000]
CodeHeap 'profiled nmethods': size=120000Kb used=50261Kb max_used=50261Kb free=69738Kb
 bounds [0x0000014300000000, 0x0000014303120000, 0x0000014307530000]
CodeHeap 'non-nmethods': size=5760Kb used=1549Kb max_used=1630Kb free=4210Kb
 bounds [0x0000014307530000, 0x00000143077a0000, 0x0000014307ad0000]
CodeCache: size=245760Kb, used=77922Kb, max_used=78003Kb, free=167835Kb
 total_blobs=21525, nmethods=20645, adapters=783, full_count=0
Compilation: enabled, stopped_count=0, restarted_count=0

Compilation events (20 events):
Event: 3661.446 Thread 0x00000143778c6b50 25343       4       org.eclipse.jdt.core.JavaCore::getPlugin (4 bytes)
Event: 3661.446 Thread 0x00000143778c6b50 nmethod 25343 0x000001430944cb10 code [0x000001430944cca0, 0x000001430944cd18]
Event: 3661.448 Thread 0x00000143778c6b50 25344 %     4       java.io.ObjectOutputStream$HandleTable::growSpine @ 41 (67 bytes)
Event: 3661.449 Thread 0x00000143778d54a0 25345       3       java.io.ObjectStreamField::getTypeString (16 bytes)
Event: 3661.449 Thread 0x00000143778d54a0 nmethod 25345 0x0000014303112c90 code [0x0000014303112ec0, 0x0000014303113678]
Event: 3661.449 Thread 0x00000143778d54a0 25346       3       java.io.ObjectOutputStream::writeTypeString (40 bytes)
Event: 3661.450 Thread 0x00000143778d54a0 nmethod 25346 0x0000014303113a10 code [0x0000014303113c20, 0x0000014303114020]
Event: 3661.452 Thread 0x00000143778c6b50 nmethod 25344% 0x000001430944ce10 code [0x000001430944cfe0, 0x000001430944d2f8]
Event: 3661.452 Thread 0x00000143778c6b50 25348       4       java.util.Arrays::fill (28 bytes)
Event: 3661.456 Thread 0x00000143778d54a0 25349       3       org.eclipse.core.internal.dtree.DataTreeWriter::writeNode (182 bytes)
Event: 3661.457 Thread 0x00000143778d54a0 nmethod 25349 0x0000014303114210 code [0x00000143031144e0, 0x00000143031151c0]
Event: 3661.457 Thread 0x00000143778c6b50 nmethod 25348 0x000001430944d590 code [0x000001430944d720, 0x000001430944d960]
Event: 3661.457 Thread 0x00000143778c6b50 25347       4       java.io.ObjectOutputStream$BlockDataOutputStream::writeUTF (46 bytes)
Event: 3661.469 Thread 0x00000143778c6b50 nmethod 25347 0x000001430944db10 code [0x000001430944dd00, 0x000001430944e5e0]
Event: 3661.623 Thread 0x00000143778c6b50 25350       4       java.util.List::copyOf (5 bytes)
Event: 3661.636 Thread 0x00000143778c6b50 nmethod 25350 0x000001430944ec90 code [0x000001430944eea0, 0x000001430944f7f0]
Event: 3661.636 Thread 0x00000143778c6b50 25351       4       org.eclipse.core.internal.events.ResourceDelta::getAffectedChildren (8 bytes)
Event: 3661.636 Thread 0x00000143778c6b50 nmethod 25351 0x000001430944fc90 code [0x000001430944fe20, 0x000001430944fed8]
Event: 3872.236 Thread 0x00000143778d54a0 25352       1       com.sun.jna.internal.Cleaner::access$200 (5 bytes)
Event: 3872.236 Thread 0x00000143778d54a0 nmethod 25352 0x000001430944ff90 code [0x0000014309450120, 0x00000143094501d0]

GC Heap History (20 events):
Event: 3649.367 GC heap before
{Heap before GC invocations=2687 (full 7):
 PSYoungGen      total 5632K, used 5278K [0x00000000d5580000, 0x00000000d5d80000, 0x0000000100000000)
  eden space 4608K, 100% used [0x00000000d5580000,0x00000000d5a00000,0x00000000d5a00000)
  from space 1024K, 65% used [0x00000000d5c80000,0x00000000d5d27800,0x00000000d5d80000)
  to   space 1536K, 0% used [0x00000000d5a80000,0x00000000d5a80000,0x00000000d5c00000)
 ParOldGen       total 937984K, used 937939K [0x0000000080000000, 0x00000000b9400000, 0x00000000d5580000)
  object space 937984K, 99% used [0x0000000080000000,0x00000000b93f4f70,0x00000000b9400000)
 Metaspace       used 101489K, committed 103488K, reserved 1179648K
  class space    used 10521K, committed 11392K, reserved 1048576K
}
Event: 3649.369 GC heap after
{Heap after GC invocations=2687 (full 7):
 PSYoungGen      total 6656K, used 329K [0x00000000d5580000, 0x00000000d5d00000, 0x0000000100000000)
  eden space 5120K, 0% used [0x00000000d5580000,0x00000000d5580000,0x00000000d5a80000)
  from space 1536K, 21% used [0x00000000d5a80000,0x00000000d5ad2400,0x00000000d5c00000)
  to   space 1024K, 0% used [0x00000000d5c00000,0x00000000d5c00000,0x00000000d5d00000)
 ParOldGen       total 938496K, used 938327K [0x0000000080000000, 0x00000000b9480000, 0x00000000d5580000)
  object space 938496K, 99% used [0x0000000080000000,0x00000000b9455f80,0x00000000b9480000)
 Metaspace       used 101489K, committed 103488K, reserved 1179648K
  class space    used 10521K, committed 11392K, reserved 1048576K
}
Event: 3649.377 GC heap before
{Heap before GC invocations=2688 (full 7):
 PSYoungGen      total 6656K, used 5449K [0x00000000d5580000, 0x00000000d5d00000, 0x0000000100000000)
  eden space 5120K, 100% used [0x00000000d5580000,0x00000000d5a80000,0x00000000d5a80000)
  from space 1536K, 21% used [0x00000000d5a80000,0x00000000d5ad2400,0x00000000d5c00000)
  to   space 1024K, 0% used [0x00000000d5c00000,0x00000000d5c00000,0x00000000d5d00000)
 ParOldGen       total 938496K, used 938327K [0x0000000080000000, 0x00000000b9480000, 0x00000000d5580000)
  object space 938496K, 99% used [0x0000000080000000,0x00000000b9455f80,0x00000000b9480000)
 Metaspace       used 101489K, committed 103488K, reserved 1179648K
  class space    used 10521K, committed 11392K, reserved 1048576K
}
Event: 3649.379 GC heap after
{Heap after GC invocations=2688 (full 7):
 PSYoungGen      total 6656K, used 464K [0x00000000d5580000, 0x00000000d5c80000, 0x0000000100000000)
  eden space 6144K, 0% used [0x00000000d5580000,0x00000000d5580000,0x00000000d5b80000)
  from space 512K, 90% used [0x00000000d5c00000,0x00000000d5c74010,0x00000000d5c80000)
  to   space 512K, 0% used [0x00000000d5b80000,0x00000000d5b80000,0x00000000d5c00000)
 ParOldGen       total 939008K, used 938505K [0x0000000080000000, 0x00000000b9500000, 0x00000000d5580000)
  object space 939008K, 99% used [0x0000000080000000,0x00000000b9482570,0x00000000b9500000)
 Metaspace       used 101489K, committed 103488K, reserved 1179648K
  class space    used 10521K, committed 11392K, reserved 1048576K
}
Event: 3649.392 GC heap before
{Heap before GC invocations=2689 (full 7):
 PSYoungGen      total 6656K, used 6608K [0x00000000d5580000, 0x00000000d5c80000, 0x0000000100000000)
  eden space 6144K, 100% used [0x00000000d5580000,0x00000000d5b80000,0x00000000d5b80000)
  from space 512K, 90% used [0x00000000d5c00000,0x00000000d5c74010,0x00000000d5c80000)
  to   space 512K, 0% used [0x00000000d5b80000,0x00000000d5b80000,0x00000000d5c00000)
 ParOldGen       total 939008K, used 938505K [0x0000000080000000, 0x00000000b9500000, 0x00000000d5580000)
  object space 939008K, 99% used [0x0000000080000000,0x00000000b9482570,0x00000000b9500000)
 Metaspace       used 101490K, committed 103488K, reserved 1179648K
  class space    used 10521K, committed 11392K, reserved 1048576K
}
Event: 3649.394 GC heap after
{Heap after GC invocations=2689 (full 7):
 PSYoungGen      total 6656K, used 505K [0x00000000d5580000, 0x00000000d6000000, 0x0000000100000000)
  eden space 6144K, 0% used [0x00000000d5580000,0x00000000d5580000,0x00000000d5b80000)
  from space 512K, 98% used [0x00000000d5b80000,0x00000000d5bfe410,0x00000000d5c00000)
  to   space 1536K, 0% used [0x00000000d5e80000,0x00000000d5e80000,0x00000000d6000000)
 ParOldGen       total 939520K, used 939342K [0x0000000080000000, 0x00000000b9580000, 0x00000000d5580000)
  object space 939520K, 99% used [0x0000000080000000,0x00000000b9553830,0x00000000b9580000)
 Metaspace       used 101490K, committed 103488K, reserved 1179648K
  class space    used 10521K, committed 11392K, reserved 1048576K
}
Event: 3649.511 GC heap before
{Heap before GC invocations=2690 (full 7):
 PSYoungGen      total 6656K, used 6649K [0x00000000d5580000, 0x00000000d6000000, 0x0000000100000000)
  eden space 6144K, 100% used [0x00000000d5580000,0x00000000d5b80000,0x00000000d5b80000)
  from space 512K, 98% used [0x00000000d5b80000,0x00000000d5bfe410,0x00000000d5c00000)
  to   space 1536K, 0% used [0x00000000d5e80000,0x00000000d5e80000,0x00000000d6000000)
 ParOldGen       total 939520K, used 939342K [0x0000000080000000, 0x00000000b9580000, 0x00000000d5580000)
  object space 939520K, 99% used [0x0000000080000000,0x00000000b9553830,0x00000000b9580000)
 Metaspace       used 101505K, committed 103488K, reserved 1179648K
  class space    used 10521K, committed 11392K, reserved 1048576K
}
Event: 3649.513 GC heap after
{Heap after GC invocations=2690 (full 7):
 PSYoungGen      total 7168K, used 640K [0x00000000d5580000, 0x00000000d5f80000, 0x0000000100000000)
  eden space 6144K, 0% used [0x00000000d5580000,0x00000000d5580000,0x00000000d5b80000)
  from space 1024K, 62% used [0x00000000d5e80000,0x00000000d5f20000,0x00000000d5f80000)
  to   space 1024K, 0% used [0x00000000d5d80000,0x00000000d5d80000,0x00000000d5e80000)
 ParOldGen       total 940032K, used 939867K [0x0000000080000000, 0x00000000b9600000, 0x00000000d5580000)
  object space 940032K, 99% used [0x0000000080000000,0x00000000b95d6d48,0x00000000b9600000)
 Metaspace       used 101505K, committed 103488K, reserved 1179648K
  class space    used 10521K, committed 11392K, reserved 1048576K
}
Event: 3650.087 GC heap before
{Heap before GC invocations=2691 (full 7):
 PSYoungGen      total 7168K, used 6784K [0x00000000d5580000, 0x00000000d5f80000, 0x0000000100000000)
  eden space 6144K, 100% used [0x00000000d5580000,0x00000000d5b80000,0x00000000d5b80000)
  from space 1024K, 62% used [0x00000000d5e80000,0x00000000d5f20000,0x00000000d5f80000)
  to   space 1024K, 0% used [0x00000000d5d80000,0x00000000d5d80000,0x00000000d5e80000)
 ParOldGen       total 940032K, used 939867K [0x0000000080000000, 0x00000000b9600000, 0x00000000d5580000)
  object space 940032K, 99% used [0x0000000080000000,0x00000000b95d6d48,0x00000000b9600000)
 Metaspace       used 101509K, committed 103488K, reserved 1179648K
  class space    used 10521K, committed 11392K, reserved 1048576K
}
Event: 3650.089 GC heap after
{Heap after GC invocations=2691 (full 7):
 PSYoungGen      total 7168K, used 586K [0x00000000d5580000, 0x00000000d5f00000, 0x0000000100000000)
  eden space 6144K, 0% used [0x00000000d5580000,0x00000000d5580000,0x00000000d5b80000)
  from space 1024K, 57% used [0x00000000d5d80000,0x00000000d5e12930,0x00000000d5e80000)
  to   space 512K, 0% used [0x00000000d5e80000,0x00000000d5e80000,0x00000000d5f00000)
 ParOldGen       total 940544K, used 940427K [0x0000000080000000, 0x00000000b9680000, 0x00000000d5580000)
  object space 940544K, 99% used [0x0000000080000000,0x00000000b9662d68,0x00000000b9680000)
 Metaspace       used 101509K, committed 103488K, reserved 1179648K
  class space    used 10521K, committed 11392K, reserved 1048576K
}
Event: 3650.102 GC heap before
{Heap before GC invocations=2692 (full 7):
 PSYoungGen      total 7168K, used 6730K [0x00000000d5580000, 0x00000000d5f00000, 0x0000000100000000)
  eden space 6144K, 100% used [0x00000000d5580000,0x00000000d5b80000,0x00000000d5b80000)
  from space 1024K, 57% used [0x00000000d5d80000,0x00000000d5e12930,0x00000000d5e80000)
  to   space 512K, 0% used [0x00000000d5e80000,0x00000000d5e80000,0x00000000d5f00000)
 ParOldGen       total 940544K, used 940427K [0x0000000080000000, 0x00000000b9680000, 0x00000000d5580000)
  object space 940544K, 99% used [0x0000000080000000,0x00000000b9662d68,0x00000000b9680000)
 Metaspace       used 101509K, committed 103488K, reserved 1179648K
  class space    used 10521K, committed 11392K, reserved 1048576K
}
Event: 3650.104 GC heap after
{Heap after GC invocations=2692 (full 7):
 PSYoungGen      total 6656K, used 506K [0x00000000d5580000, 0x00000000d5f00000, 0x0000000100000000)
  eden space 6144K, 0% used [0x00000000d5580000,0x00000000d5580000,0x00000000d5b80000)
  from space 512K, 98% used [0x00000000d5e80000,0x00000000d5efe900,0x00000000d5f00000)
  to   space 1024K, 0% used [0x00000000d5d00000,0x00000000d5d00000,0x00000000d5e00000)
 ParOldGen       total 941056K, used 940563K [0x0000000080000000, 0x00000000b9700000, 0x00000000d5580000)
  object space 941056K, 99% used [0x0000000080000000,0x00000000b9684e80,0x00000000b9700000)
 Metaspace       used 101509K, committed 103488K, reserved 1179648K
  class space    used 10521K, committed 11392K, reserved 1048576K
}
Event: 3655.597 GC heap before
{Heap before GC invocations=2693 (full 7):
 PSYoungGen      total 6656K, used 6650K [0x00000000d5580000, 0x00000000d5f00000, 0x0000000100000000)
  eden space 6144K, 100% used [0x00000000d5580000,0x00000000d5b80000,0x00000000d5b80000)
  from space 512K, 98% used [0x00000000d5e80000,0x00000000d5efe900,0x00000000d5f00000)
  to   space 1024K, 0% used [0x00000000d5d00000,0x00000000d5d00000,0x00000000d5e00000)
 ParOldGen       total 941056K, used 940563K [0x0000000080000000, 0x00000000b9700000, 0x00000000d5580000)
  object space 941056K, 99% used [0x0000000080000000,0x00000000b9684e80,0x00000000b9700000)
 Metaspace       used 101510K, committed 103488K, reserved 1179648K
  class space    used 10521K, committed 11392K, reserved 1048576K
}
Event: 3655.599 GC heap after
{Heap after GC invocations=2693 (full 7):
 PSYoungGen      total 7168K, used 192K [0x00000000d5580000, 0x00000000d5f00000, 0x0000000100000000)
  eden space 6144K, 0% used [0x00000000d5580000,0x00000000d5580000,0x00000000d5b80000)
  from space 1024K, 18% used [0x00000000d5d00000,0x00000000d5d30000,0x00000000d5e00000)
  to   space 512K, 0% used [0x00000000d5e80000,0x00000000d5e80000,0x00000000d5f00000)
 ParOldGen       total 941056K, used 940587K [0x0000000080000000, 0x00000000b9700000, 0x00000000d5580000)
  object space 941056K, 99% used [0x0000000080000000,0x00000000b968ae80,0x00000000b9700000)
 Metaspace       used 101510K, committed 103488K, reserved 1179648K
  class space    used 10521K, committed 11392K, reserved 1048576K
}
Event: 3655.628 GC heap before
{Heap before GC invocations=2694 (full 7):
 PSYoungGen      total 7168K, used 6336K [0x00000000d5580000, 0x00000000d5f00000, 0x0000000100000000)
  eden space 6144K, 100% used [0x00000000d5580000,0x00000000d5b80000,0x00000000d5b80000)
  from space 1024K, 18% used [0x00000000d5d00000,0x00000000d5d30000,0x00000000d5e00000)
  to   space 512K, 0% used [0x00000000d5e80000,0x00000000d5e80000,0x00000000d5f00000)
 ParOldGen       total 941056K, used 940587K [0x0000000080000000, 0x00000000b9700000, 0x00000000d5580000)
  object space 941056K, 99% used [0x0000000080000000,0x00000000b968ae80,0x00000000b9700000)
 Metaspace       used 101510K, committed 103488K, reserved 1179648K
  class space    used 10521K, committed 11392K, reserved 1048576K
}
Event: 3655.630 GC heap after
{Heap after GC invocations=2694 (full 7):
 PSYoungGen      total 6656K, used 512K [0x00000000d5580000, 0x00000000d5f00000, 0x0000000100000000)
  eden space 6144K, 0% used [0x00000000d5580000,0x00000000d5580000,0x00000000d5b80000)
  from space 512K, 100% used [0x00000000d5e80000,0x00000000d5f00000,0x00000000d5f00000)
  to   space 1024K, 0% used [0x00000000d5d00000,0x00000000d5d00000,0x00000000d5e00000)
 ParOldGen       total 941056K, used 940704K [0x0000000080000000, 0x00000000b9700000, 0x00000000d5580000)
  object space 941056K, 99% used [0x0000000080000000,0x00000000b96a8080,0x00000000b9700000)
 Metaspace       used 101510K, committed 103488K, reserved 1179648K
  class space    used 10521K, committed 11392K, reserved 1048576K
}
Event: 3655.643 GC heap before
{Heap before GC invocations=2695 (full 7):
 PSYoungGen      total 6656K, used 6656K [0x00000000d5580000, 0x00000000d5f00000, 0x0000000100000000)
  eden space 6144K, 100% used [0x00000000d5580000,0x00000000d5b80000,0x00000000d5b80000)
  from space 512K, 100% used [0x00000000d5e80000,0x00000000d5f00000,0x00000000d5f00000)
  to   space 1024K, 0% used [0x00000000d5d00000,0x00000000d5d00000,0x00000000d5e00000)
 ParOldGen       total 941056K, used 940704K [0x0000000080000000, 0x00000000b9700000, 0x00000000d5580000)
  object space 941056K, 99% used [0x0000000080000000,0x00000000b96a8080,0x00000000b9700000)
 Metaspace       used 101510K, committed 103488K, reserved 1179648K
  class space    used 10521K, committed 11392K, reserved 1048576K
}
Event: 3655.648 GC heap after
{Heap after GC invocations=2695 (full 7):
 PSYoungGen      total 7168K, used 998K [0x00000000d5580000, 0x00000000d6580000, 0x0000000100000000)
  eden space 6144K, 0% used [0x00000000d5580000,0x00000000d5580000,0x00000000d5b80000)
  from space 1024K, 97% used [0x00000000d5d00000,0x00000000d5df9848,0x00000000d5e00000)
  to   space 5120K, 0% used [0x00000000d6080000,0x00000000d6080000,0x00000000d6580000)
 ParOldGen       total 944128K, used 943774K [0x0000000080000000, 0x00000000b9a00000, 0x00000000d5580000)
  object space 944128K, 99% used [0x0000000080000000,0x00000000b99a7ab8,0x00000000b9a00000)
 Metaspace       used 101510K, committed 103488K, reserved 1179648K
  class space    used 10521K, committed 11392K, reserved 1048576K
}
Event: 3655.668 GC heap before
{Heap before GC invocations=2696 (full 7):
 PSYoungGen      total 7168K, used 7142K [0x00000000d5580000, 0x00000000d6580000, 0x0000000100000000)
  eden space 6144K, 100% used [0x00000000d5580000,0x00000000d5b80000,0x00000000d5b80000)
  from space 1024K, 97% used [0x00000000d5d00000,0x00000000d5df9848,0x00000000d5e00000)
  to   space 5120K, 0% used [0x00000000d6080000,0x00000000d6080000,0x00000000d6580000)
 ParOldGen       total 944128K, used 943774K [0x0000000080000000, 0x00000000b9a00000, 0x00000000d5580000)
  object space 944128K, 99% used [0x0000000080000000,0x00000000b99a7ab8,0x00000000b9a00000)
 Metaspace       used 101510K, committed 103488K, reserved 1179648K
  class space    used 10521K, committed 11392K, reserved 1048576K
}
Event: 3655.670 GC heap after
{Heap after GC invocations=2696 (full 7):
 PSYoungGen      total 7168K, used 736K [0x00000000d5580000, 0x00000000d6180000, 0x0000000100000000)
  eden space 6144K, 0% used [0x00000000d5580000,0x00000000d5580000,0x00000000d5b80000)
  from space 1024K, 71% used [0x00000000d6080000,0x00000000d6138000,0x00000000d6180000)
  to   space 2048K, 0% used [0x00000000d5d80000,0x00000000d5d80000,0x00000000d5f80000)
 ParOldGen       total 944128K, used 943854K [0x0000000080000000, 0x00000000b9a00000, 0x00000000d5580000)
  object space 944128K, 99% used [0x0000000080000000,0x00000000b99bbab8,0x00000000b9a00000)
 Metaspace       used 101510K, committed 103488K, reserved 1179648K
  class space    used 10521K, committed 11392K, reserved 1048576K
}

Dll operation events (12 events):
Event: 0.018 Loaded shared library c:\Users\Jose David Vergara\.vscode\extensions\redhat.java-1.53.0-win32-x64\jre\21.0.10-win32-x86_64\bin\java.dll
Event: 0.105 Loaded shared library c:\Users\Jose David Vergara\.vscode\extensions\redhat.java-1.53.0-win32-x64\jre\21.0.10-win32-x86_64\bin\zip.dll
Event: 0.130 Loaded shared library C:\Users\Jose David Vergara\.vscode\extensions\redhat.java-1.53.0-win32-x64\jre\21.0.10-win32-x86_64\bin\instrument.dll
Event: 0.136 Loaded shared library C:\Users\Jose David Vergara\.vscode\extensions\redhat.java-1.53.0-win32-x64\jre\21.0.10-win32-x86_64\bin\net.dll
Event: 0.137 Loaded shared library C:\Users\Jose David Vergara\.vscode\extensions\redhat.java-1.53.0-win32-x64\jre\21.0.10-win32-x86_64\bin\nio.dll
Event: 0.142 Loaded shared library C:\Users\Jose David Vergara\.vscode\extensions\redhat.java-1.53.0-win32-x64\jre\21.0.10-win32-x86_64\bin\zip.dll
Event: 0.165 Loaded shared library C:\Users\Jose David Vergara\.vscode\extensions\redhat.java-1.53.0-win32-x64\jre\21.0.10-win32-x86_64\bin\jimage.dll
Event: 0.317 Loaded shared library c:\Users\Jose David Vergara\.vscode\extensions\redhat.java-1.53.0-win32-x64\jre\21.0.10-win32-x86_64\bin\verify.dll
Event: 2.012 Loaded shared library C:\Users\Jose David Vergara\AppData\Roaming\Code\User\globalStorage\redhat.java\1.53.0\config_win\org.eclipse.equinox.launcher\org.eclipse.equinox.launcher.win32.win32.x86_64_1.3.0.v20260203-2149\eclipse_11919.dll
Event: 8.748 Loaded shared library C:\Users\Jose David Vergara\AppData\Local\Temp\jna-1196667607\jna16846099314010145386.dll
Event: 66.038 Loaded shared library C:\Users\Jose David Vergara\.vscode\extensions\redhat.java-1.53.0-win32-x64\jre\21.0.10-win32-x86_64\bin\sunmscapi.dll
Event: 73.267 Loaded shared library C:\Users\Jose David Vergara\.vscode\extensions\redhat.java-1.53.0-win32-x64\jre\21.0.10-win32-x86_64\bin\extnet.dll

Deoptimization events (20 events):
Event: 3655.633 Thread 0x0000014358fd2a30 DEOPT PACKING pc=0x00000143093bb244 sp=0x00000037776fdf50
Event: 3655.633 Thread 0x0000014358fd2a30 DEOPT UNPACKING pc=0x0000014307583aa2 sp=0x00000037776fdde0 mode 2
Event: 3655.633 Thread 0x0000014358fd2a30 Uncommon trap: trap_request=0xffffff45 fr.pc=0x00000143093b5df0 relative=0x0000000000002630
Event: 3655.633 Thread 0x0000014358fd2a30 Uncommon trap: reason=unstable_if action=reinterpret pc=0x00000143093b5df0 method=org.eclipse.jdt.internal.core.SearchableEnvironment$4.acceptType(I[C[C[[CLjava/lang/String;Lorg/eclipse/jdt/internal/compiler/env/AccessRestriction;)V @ 24 c2
Event: 3655.633 Thread 0x0000014358fd2a30 DEOPT PACKING pc=0x00000143093b5df0 sp=0x00000037776fdea0
Event: 3655.633 Thread 0x0000014358fd2a30 DEOPT UNPACKING pc=0x0000014307583aa2 sp=0x00000037776fde08 mode 2
Event: 3655.633 Thread 0x0000014358fd2a30 Uncommon trap: trap_request=0xffffff45 fr.pc=0x00000143093cf5d0 relative=0x0000000000001cf0
Event: 3655.633 Thread 0x0000014358fd2a30 Uncommon trap: reason=unstable_if action=reinterpret pc=0x00000143093cf5d0 method=org.eclipse.jdt.internal.core.SearchableEnvironment$4.acceptType(I[C[C[[CLjava/lang/String;Lorg/eclipse/jdt/internal/compiler/env/AccessRestriction;)V @ 24 c2
Event: 3655.633 Thread 0x0000014358fd2a30 DEOPT PACKING pc=0x00000143093cf5d0 sp=0x00000037776fdda0
Event: 3655.633 Thread 0x0000014358fd2a30 DEOPT UNPACKING pc=0x0000014307583aa2 sp=0x00000037776fddf0 mode 2
Event: 3655.658 Thread 0x0000014358fd2a30 DEOPT PACKING pc=0x00000143030e59fb sp=0x00000037776fe480
Event: 3655.658 Thread 0x0000014358fd2a30 DEOPT UNPACKING pc=0x0000014307584242 sp=0x00000037776fd9f0 mode 0
Event: 3655.659 Thread 0x0000014358fd2a30 Uncommon trap: trap_request=0xffffff45 fr.pc=0x000001430942eb00 relative=0x0000000000003ee0
Event: 3655.659 Thread 0x0000014358fd2a30 Uncommon trap: reason=unstable_if action=reinterpret pc=0x000001430942eb00 method=org.eclipse.jdt.internal.codeassist.CompletionEngine.acceptTypes(Lorg/eclipse/jdt/internal/compiler/lookup/Scope;)V @ 108 c2
Event: 3655.659 Thread 0x0000014358fd2a30 DEOPT PACKING pc=0x000001430942eb00 sp=0x00000037776fe540
Event: 3655.659 Thread 0x0000014358fd2a30 DEOPT UNPACKING pc=0x0000014307583aa2 sp=0x00000037776fe508 mode 2
Event: 3655.682 Thread 0x0000014358fd2a30 Uncommon trap: trap_request=0xffffff45 fr.pc=0x0000014308104638 relative=0x00000000000054b8
Event: 3655.682 Thread 0x0000014358fd2a30 Uncommon trap: reason=unstable_if action=reinterpret pc=0x0000014308104638 method=org.eclipse.jdt.internal.core.NameLookup.<init>(Lorg/eclipse/jdt/internal/core/JavaProject;[Lorg/eclipse/jdt/core/IPackageFragmentRoot;Lorg/eclipse/jdt/internal/core/util/Ha
Event: 3655.682 Thread 0x0000014358fd2a30 DEOPT PACKING pc=0x0000014308104638 sp=0x00000037776fddb0
Event: 3655.682 Thread 0x0000014358fd2a30 DEOPT UNPACKING pc=0x0000014307583aa2 sp=0x00000037776fdd58 mode 2

Classes loaded (20 events):
Event: 1766.299 Loading class javax/xml/transform/TransformerConfigurationException
Event: 1766.299 Loading class javax/xml/transform/TransformerConfigurationException done
Event: 1767.992 Loading class org/xml/sax/SAXNotRecognizedException
Event: 1767.992 Loading class org/xml/sax/SAXNotRecognizedException done
Event: 1767.992 Loading class org/xml/sax/SAXNotSupportedException
Event: 1767.993 Loading class org/xml/sax/SAXNotSupportedException done
Event: 1767.996 Loading class com/sun/org/apache/xerces/internal/util/URI
Event: 1767.996 Loading class com/sun/org/apache/xerces/internal/util/URI done
Event: 1768.039 Loading class java/util/concurrent/LinkedBlockingQueue$Itr
Event: 1768.039 Loading class java/util/concurrent/LinkedBlockingQueue$Itr done
Event: 1874.048 Loading class java/lang/StringLatin1$CharsSpliterator
Event: 1874.048 Loading class java/lang/StringLatin1$CharsSpliterator done
Event: 2423.608 Loading class java/util/concurrent/ConcurrentLinkedQueue$Itr
Event: 2423.609 Loading class java/util/concurrent/ConcurrentLinkedQueue$Itr done
Event: 2451.365 Loading class jdk/internal/icu/text/NormalizerBase$NFCModeImpl
Event: 2451.368 Loading class jdk/internal/icu/text/NormalizerBase$NFCModeImpl done
Event: 2451.368 Loading class jdk/internal/icu/impl/Norm2AllModes$NFCSingleton
Event: 2451.368 Loading class jdk/internal/icu/impl/Norm2AllModes$NFCSingleton done
Event: 3116.749 Loading class java/util/Collections$EmptyListIterator
Event: 3116.749 Loading class java/util/Collections$EmptyListIterator done

Classes unloaded (9 events):
Event: 15.434 Thread 0x00000143778b2df0 Unloading class 0x00000143101ad400 'java/lang/invoke/LambdaForm$MH+0x00000143101ad400'
Event: 15.434 Thread 0x00000143778b2df0 Unloading class 0x00000143101ad000 'java/lang/invoke/LambdaForm$MH+0x00000143101ad000'
Event: 15.434 Thread 0x00000143778b2df0 Unloading class 0x00000143101acc00 'java/lang/invoke/LambdaForm$MH+0x00000143101acc00'
Event: 15.434 Thread 0x00000143778b2df0 Unloading class 0x00000143101ac800 'java/lang/invoke/LambdaForm$MH+0x00000143101ac800'
Event: 15.434 Thread 0x00000143778b2df0 Unloading class 0x00000143101ac400 'java/lang/invoke/LambdaForm$BMH+0x00000143101ac400'
Event: 15.434 Thread 0x00000143778b2df0 Unloading class 0x00000143101ac000 'java/lang/invoke/LambdaForm$DMH+0x00000143101ac000'
Event: 15.434 Thread 0x00000143778b2df0 Unloading class 0x00000143101aac00 'java/lang/invoke/LambdaForm$DMH+0x00000143101aac00'
Event: 1000.198 Thread 0x00000143778b2df0 Unloading class 0x0000014310739c00 'java/lang/invoke/LambdaForm$DMH+0x0000014310739c00'
Event: 1000.198 Thread 0x00000143778b2df0 Unloading class 0x0000014310739400 'java/lang/invoke/LambdaForm$DMH+0x0000014310739400'

Classes redefined (0 events):
No events

Internal exceptions (20 events):
Event: 2463.545 Thread 0x0000014356299f40 Exception <a 'sun/nio/fs/WindowsException'{0x00000000d564f280}> (0x00000000d564f280) 
thrown [s\src\hotspot\share\prims\jni.cpp, line 520]
Event: 2463.545 Thread 0x0000014356299f40 Exception <a 'sun/nio/fs/WindowsException'{0x00000000d56ed610}> (0x00000000d56ed610) 
thrown [s\src\hotspot\share\prims\jni.cpp, line 520]
Event: 2622.724 Thread 0x0000014356299f40 Exception <a 'sun/nio/fs/WindowsException'{0x00000000d5899e40}> (0x00000000d5899e40) 
thrown [s\src\hotspot\share\prims\jni.cpp, line 520]
Event: 2622.724 Thread 0x0000014356299f40 Exception <a 'sun/nio/fs/WindowsException'{0x00000000d589a9c8}> (0x00000000d589a9c8) 
thrown [s\src\hotspot\share\prims\jni.cpp, line 520]
Event: 3361.405 Thread 0x00000143556d1f80 Exception <a 'sun/nio/fs/WindowsException'{0x00000000d57f54b8}> (0x00000000d57f54b8) 
thrown [s\src\hotspot\share\prims\jni.cpp, line 520]
Event: 3361.802 Thread 0x00000143556d1f80 Exception <a 'sun/nio/fs/WindowsException'{0x00000000d580f788}> (0x00000000d580f788) 
thrown [s\src\hotspot\share\prims\jni.cpp, line 520]
Event: 3369.802 Thread 0x00000143556d18f0 Implicit null exception at 0x000001430915a661 to 0x0000014309161748
Event: 3370.816 Thread 0x00000143556d1f80 Exception <a 'sun/nio/fs/WindowsException'{0x00000000d578ebe8}> (0x00000000d578ebe8) 
thrown [s\src\hotspot\share\prims\jni.cpp, line 520]
Event: 3371.477 Thread 0x00000143556d1f80 Exception <a 'sun/nio/fs/WindowsException'{0x00000000d55df020}> (0x00000000d55df020) 
thrown [s\src\hotspot\share\prims\jni.cpp, line 520]
Event: 3387.327 Thread 0x00000143556d4050 Implicit null exception at 0x0000014308f1debd to 0x0000014308f1e25b
Event: 3388.028 Thread 0x00000143556d1f80 Exception <a 'sun/nio/fs/WindowsException'{0x00000000d5765920}> (0x00000000d5765920) 
thrown [s\src\hotspot\share\prims\jni.cpp, line 520]
Event: 3388.329 Thread 0x00000143556d1f80 Exception <a 'sun/nio/fs/WindowsException'{0x00000000d56f1448}> (0x00000000d56f1448) 
thrown [s\src\hotspot\share\prims\jni.cpp, line 520]
Event: 3494.132 Thread 0x0000014358fd2a30 Exception <a 'java/lang/ArrayIndexOutOfBoundsException'{0x00000000d59c3fb0}> (0x00000000d59c3fb0) 
thrown [s\src\hotspot\share\runtime\sharedRuntime.cpp, line 625]
Event: 3590.438 Thread 0x0000014358fd2a30 Exception <a 'java/lang/ArrayIndexOutOfBoundsException'{0x00000000d5742b78}> (0x00000000d5742b78) 
thrown [s\src\hotspot\share\runtime\sharedRuntime.cpp, line 625]
Event: 3590.603 Thread 0x0000014358df1100 Exception <a 'java/lang/ArrayIndexOutOfBoundsException'{0x00000000d57015c8}> (0x00000000d57015c8) 
thrown [s\src\hotspot\share\runtime\sharedRuntime.cpp, line 625]
Event: 3591.787 Thread 0x00000143556d1f80 Exception <a 'sun/nio/fs/WindowsException'{0x00000000d56c5a60}> (0x00000000d56c5a60) 
thrown [s\src\hotspot\share\prims\jni.cpp, line 520]
Event: 3592.112 Thread 0x00000143556d1f80 Exception <a 'sun/nio/fs/WindowsException'{0x00000000d5694a68}> (0x00000000d5694a68) 
thrown [s\src\hotspot\share\prims\jni.cpp, line 520]
Event: 3647.303 Thread 0x0000014358df1100 Exception <a 'java/lang/ArrayIndexOutOfBoundsException'{0x00000000d5870470}> (0x00000000d5870470) 
thrown [s\src\hotspot\share\runtime\sharedRuntime.cpp, line 625]
Event: 3661.440 Thread 0x0000014358dee9a0 Exception <a 'sun/nio/fs/WindowsException'{0x00000000d56bf040}> (0x00000000d56bf040) 
thrown [s\src\hotspot\share\prims\jni.cpp, line 520]
Event: 3661.440 Thread 0x0000014358dee9a0 Exception <a 'sun/nio/fs/WindowsException'{0x00000000d56c0190}> (0x00000000d56c0190) 
thrown [s\src\hotspot\share\prims\jni.cpp, line 520]

ZGC Phase Switch (0 events):
No events

VM Operations (20 events):
Event: 3655.668 Executing safepoint VM operation: ParallelGCFailedAllocation (Allocation Failure)
Event: 3655.670 Executing safepoint VM operation: ParallelGCFailedAllocation (Allocation Failure) done
Event: 3656.671 Executing safepoint VM operation: Cleanup
Event: 3656.671 Executing safepoint VM operation: Cleanup done
Event: 3668.565 Executing non-safepoint VM operation: HandshakeAllThreads (HandshakeForDeflation)
Event: 3668.565 Executing non-safepoint VM operation: HandshakeAllThreads (HandshakeForDeflation) done
Event: 3668.565 Executing non-safepoint VM operation: RendezvousGCThreads
Event: 3668.565 Executing non-safepoint VM operation: RendezvousGCThreads done
Event: 3728.762 Executing non-safepoint VM operation: HandshakeAllThreads (HandshakeForDeflation)
Event: 3728.762 Executing non-safepoint VM operation: HandshakeAllThreads (HandshakeForDeflation) done
Event: 3728.762 Executing non-safepoint VM operation: RendezvousGCThreads
Event: 3728.762 Executing non-safepoint VM operation: RendezvousGCThreads done
Event: 3969.362 Executing non-safepoint VM operation: HandshakeAllThreads (HandshakeForDeflation)
Event: 3969.362 Executing non-safepoint VM operation: HandshakeAllThreads (HandshakeForDeflation) done
Event: 3969.362 Executing non-safepoint VM operation: RendezvousGCThreads
Event: 3969.362 Executing non-safepoint VM operation: RendezvousGCThreads done
Event: 4029.450 Executing non-safepoint VM operation: HandshakeAllThreads (HandshakeForDeflation)
Event: 4029.450 Executing non-safepoint VM operation: HandshakeAllThreads (HandshakeForDeflation) done
Event: 4029.450 Executing non-safepoint VM operation: RendezvousGCThreads
Event: 4029.450 Executing non-safepoint VM operation: RendezvousGCThreads done

Memory protections (0 events):
No events

Nmethod flushes (20 events):
Event: 1788.638 Thread 0x00000143778b2df0 flushing  nmethod 0x0000014301c9fd90
Event: 1788.638 Thread 0x00000143778b2df0 flushing  nmethod 0x0000014301ce0490
Event: 1788.638 Thread 0x00000143778b2df0 flushing  nmethod 0x0000014301cea310
Event: 1788.638 Thread 0x00000143778b2df0 flushing  nmethod 0x0000014301d1c110
Event: 1788.638 Thread 0x00000143778b2df0 flushing  nmethod 0x0000014301dc5b10
Event: 1788.638 Thread 0x00000143778b2df0 flushing  nmethod 0x0000014301df5110
Event: 1788.638 Thread 0x00000143778b2df0 flushing  nmethod 0x0000014301dfcc10
Event: 1788.638 Thread 0x00000143778b2df0 flushing  nmethod 0x0000014301e2ee10
Event: 1788.638 Thread 0x00000143778b2df0 flushing  nmethod 0x0000014301e36010
Event: 1788.638 Thread 0x00000143778b2df0 flushing  nmethod 0x0000014301eb2e90
Event: 1788.638 Thread 0x00000143778b2df0 flushing  nmethod 0x0000014301ebaa90
Event: 1788.638 Thread 0x00000143778b2df0 flushing  nmethod 0x0000014301f38910
Event: 1788.638 Thread 0x00000143778b2df0 flushing  nmethod 0x000001430202a110
Event: 1788.638 Thread 0x00000143778b2df0 flushing  nmethod 0x000001430203c510
Event: 1788.638 Thread 0x00000143778b2df0 flushing  nmethod 0x00000143022b0690
Event: 1788.638 Thread 0x00000143778b2df0 flushing  nmethod 0x000001430237f390
Event: 1788.638 Thread 0x00000143778b2df0 flushing  nmethod 0x00000143023e9b10
Event: 1788.638 Thread 0x00000143778b2df0 flushing  nmethod 0x00000143023fb390
Event: 1788.638 Thread 0x00000143778b2df0 flushing  nmethod 0x000001430240ad10
Event: 1788.638 Thread 0x00000143778b2df0 flushing  nmethod 0x000001430255cf10

Events (20 events):
Event: 3655.667 Thread 0x00000143778c6b50 Thread added: 0x0000014358259580
Event: 3660.753 Thread 0x0000014358259580 Thread exited: 0x0000014358259580
Event: 3660.828 Thread 0x0000014358255830 Thread exited: 0x0000014358255830
Event: 3661.445 Thread 0x0000014358dee9a0 Thread added: 0x00000143583a2490
Event: 3661.445 Thread 0x00000143583a2490 Thread exited: 0x00000143583a2490
Event: 3661.452 Thread 0x0000014358dee9a0 Thread added: 0x00000143583a4bf0
Event: 3661.453 Thread 0x00000143583a4bf0 Thread exited: 0x00000143583a4bf0
Event: 3661.616 Thread 0x00000143556d46e0 Thread exited: 0x00000143556d46e0
Event: 3671.088 Thread 0x0000014358def030 Thread exited: 0x0000014358def030
Event: 3688.170 Thread 0x0000014357972730 Thread exited: 0x0000014357972730
Event: 3715.689 Thread 0x0000014358fd2a30 Thread exited: 0x0000014358fd2a30
Event: 3721.437 Thread 0x00000143556d2ca0 Thread exited: 0x00000143556d2ca0
Event: 3721.576 Thread 0x00000143556d4050 Thread exited: 0x00000143556d4050
Event: 3775.695 Thread 0x00000143556d2610 Thread exited: 0x00000143556d2610
Event: 3835.699 Thread 0x0000014358fd5eb0 Thread exited: 0x0000014358fd5eb0
Event: 3891.979 Thread 0x0000014358fd4b00 Thread exited: 0x0000014358fd4b00
Event: 3895.703 Thread 0x0000014358df1100 Thread exited: 0x0000014358df1100
Event: 3955.707 Thread 0x0000014358fd30c0 Thread exited: 0x0000014358fd30c0
Event: 4015.718 Thread 0x00000143556d18f0 Thread exited: 0x00000143556d18f0
Event: 4075.732 Thread 0x0000014358fd3de0 Thread exited: 0x0000014358fd3de0


Dynamic libraries:
0x00007ff730f30000 - 0x00007ff730f3e000 	c:\Users\Jose David Vergara\.vscode\extensions\redhat.java-1.53.0-win32-x64\jre\21.0.10-win32-x86_64\bin\java.exe
0x00007ffb14fa0000 - 0x00007ffb15207000 	C:\windows\SYSTEM32\ntdll.dll
0x00007ffb13830000 - 0x00007ffb138f9000 	C:\windows\System32\KERNEL32.DLL
0x00007ffb125e0000 - 0x00007ffb129d1000 	C:\windows\System32\KERNELBASE.dll
0x00007ffb11c20000 - 0x00007ffb11d6b000 	C:\windows\System32\ucrtbase.dll
0x00007ffae1b80000 - 0x00007ffae1b9e000 	c:\Users\Jose David Vergara\.vscode\extensions\redhat.java-1.53.0-win32-x64\jre\21.0.10-win32-x86_64\bin\VCRUNTIME140.dll
0x00007ffaf2270000 - 0x00007ffaf2288000 	c:\Users\Jose David Vergara\.vscode\extensions\redhat.java-1.53.0-win32-x64\jre\21.0.10-win32-x86_64\bin\jli.dll
0x00007ffaebe40000 - 0x00007ffaec0d3000 	C:\windows\WinSxS\amd64_microsoft.windows.common-controls_6595b64144ccf1df_6.0.26100.8037_none_3e092faae333b53b\COMCTL32.dll
0x00007ffb134b0000 - 0x00007ffb13675000 	C:\windows\System32\USER32.dll
0x00007ffb11b60000 - 0x00007ffb11b87000 	C:\windows\System32\win32u.dll
0x00007ffb143a0000 - 0x00007ffb14449000 	C:\windows\System32\msvcrt.dll
0x00007ffb13800000 - 0x00007ffb1382b000 	C:\windows\System32\GDI32.dll
0x00007ffb129e0000 - 0x00007ffb12b0b000 	C:\windows\System32\gdi32full.dll
0x00007ffb12c90000 - 0x00007ffb12d33000 	C:\windows\System32\msvcp_win.dll
0x00007ffb12df0000 - 0x00007ffb12e21000 	C:\windows\System32\IMM32.DLL
0x00007ffb0a1d0000 - 0x00007ffb0a1dc000 	c:\Users\Jose David Vergara\.vscode\extensions\redhat.java-1.53.0-win32-x64\jre\21.0.10-win32-x86_64\bin\vcruntime140_1.dll
0x00007ffaaefc0000 - 0x00007ffaaf04d000 	c:\Users\Jose David Vergara\.vscode\extensions\redhat.java-1.53.0-win32-x64\jre\21.0.10-win32-x86_64\bin\msvcp140.dll
0x00007ffa43ce0000 - 0x00007ffa44a81000 	c:\Users\Jose David Vergara\.vscode\extensions\redhat.java-1.53.0-win32-x64\jre\21.0.10-win32-x86_64\bin\server\jvm.dll
0x00007ffb12ec0000 - 0x00007ffb12f7b000 	C:\windows\System32\ADVAPI32.dll
0x00007ffb14ce0000 - 0x00007ffb14d87000 	C:\windows\System32\sechost.dll
0x00007ffb14bc0000 - 0x00007ffb14cd8000 	C:\windows\System32\RPCRT4.dll
0x00007ffb12d40000 - 0x00007ffb12db4000 	C:\windows\System32\WS2_32.dll
0x00007ffb11730000 - 0x00007ffb1178e000 	C:\windows\SYSTEM32\POWRPROF.dll
0x00007ffb09340000 - 0x00007ffb09375000 	C:\windows\SYSTEM32\WINMM.dll
0x00007ffafe580000 - 0x00007ffafe58b000 	C:\windows\SYSTEM32\VERSION.dll
0x00007ffb116e0000 - 0x00007ffb116f4000 	C:\windows\SYSTEM32\UMPDC.dll
0x00007ffb10530000 - 0x00007ffb1054b000 	C:\windows\SYSTEM32\kernel.appcore.dll
0x00007ffb0a1a0000 - 0x00007ffb0a1aa000 	c:\Users\Jose David Vergara\.vscode\extensions\redhat.java-1.53.0-win32-x64\jre\21.0.10-win32-x86_64\bin\jimage.dll
0x00007ffb0f8d0000 - 0x00007ffb0fb12000 	C:\windows\SYSTEM32\DBGHELP.DLL
0x00007ffb12f80000 - 0x00007ffb13302000 	C:\windows\System32\combase.dll
0x00007ffb142c0000 - 0x00007ffb14397000 	C:\windows\System32\OLEAUT32.dll
0x00007ffadc980000 - 0x00007ffadc9bb000 	C:\windows\SYSTEM32\dbgcore.DLL
0x00007ffb11940000 - 0x00007ffb119e5000 	C:\windows\System32\bcryptPrimitives.dll
0x00007ffaffd30000 - 0x00007ffaffd3f000 	c:\Users\Jose David Vergara\.vscode\extensions\redhat.java-1.53.0-win32-x64\jre\21.0.10-win32-x86_64\bin\instrument.dll
0x00007ffad7000000 - 0x00007ffad7020000 	c:\Users\Jose David Vergara\.vscode\extensions\redhat.java-1.53.0-win32-x64\jre\21.0.10-win32-x86_64\bin\java.dll
0x00007ffb13900000 - 0x00007ffb1405f000 	C:\windows\System32\SHELL32.dll
0x00007ffb119f0000 - 0x00007ffb11b5a000 	C:\windows\System32\wintypes.dll
0x00007ffb11d70000 - 0x00007ffb125d4000 	C:\windows\System32\windows.storage.dll
0x00007ffb140c0000 - 0x00007ffb141b7000 	C:\windows\System32\SHCORE.dll
0x00007ffb13690000 - 0x00007ffb136f7000 	C:\windows\System32\shlwapi.dll
0x00007ffb117a0000 - 0x00007ffb117c9000 	C:\windows\SYSTEM32\profapi.dll
0x00007ffad6760000 - 0x00007ffad6778000 	c:\Users\Jose David Vergara\.vscode\extensions\redhat.java-1.53.0-win32-x64\jre\21.0.10-win32-x86_64\bin\zip.dll
0x00007ffaffad0000 - 0x00007ffaffae0000 	C:\Users\Jose David Vergara\.vscode\extensions\redhat.java-1.53.0-win32-x64\jre\21.0.10-win32-x86_64\bin\net.dll
0x00007ffb01d00000 - 0x00007ffb01e27000 	C:\windows\SYSTEM32\WINHTTP.dll
0x00007ffb10b20000 - 0x00007ffb10b8b000 	C:\windows\system32\mswsock.dll
0x00007ffad6740000 - 0x00007ffad6756000 	C:\Users\Jose David Vergara\.vscode\extensions\redhat.java-1.53.0-win32-x64\jre\21.0.10-win32-x86_64\bin\nio.dll
0x00007ffaea6b0000 - 0x00007ffaea6c0000 	c:\Users\Jose David Vergara\.vscode\extensions\redhat.java-1.53.0-win32-x64\jre\21.0.10-win32-x86_64\bin\verify.dll
0x00007ffab4b60000 - 0x00007ffab4ba5000 	C:\Users\Jose David Vergara\AppData\Roaming\Code\User\globalStorage\redhat.java\1.53.0\config_win\org.eclipse.equinox.launcher\org.eclipse.equinox.launcher.win32.win32.x86_64_1.3.0.v20260203-2149\eclipse_11919.dll
0x00007ffb13310000 - 0x00007ffb134a5000 	C:\windows\System32\ole32.dll
0x00007ffb10e30000 - 0x00007ffb10e4b000 	C:\windows\SYSTEM32\CRYPTSP.dll
0x00007ffb10550000 - 0x00007ffb10589000 	C:\windows\system32\rsaenh.dll
0x00007ffb10bd0000 - 0x00007ffb10c02000 	C:\windows\SYSTEM32\USERENV.dll
0x00007ffb11700000 - 0x00007ffb1172a000 	C:\windows\SYSTEM32\bcrypt.dll
0x00007ffb10d80000 - 0x00007ffb10d8c000 	C:\windows\SYSTEM32\CRYPTBASE.dll
0x00007ffb0fd60000 - 0x00007ffb0fd93000 	C:\windows\SYSTEM32\IPHLPAPI.DLL
0x00007ffb13680000 - 0x00007ffb1368a000 	C:\windows\System32\NSI.dll
0x00007ffab1b10000 - 0x00007ffab1b59000 	C:\Users\Jose David Vergara\AppData\Local\Temp\jna-1196667607\jna16846099314010145386.dll
0x00007ffb137f0000 - 0x00007ffb137f8000 	C:\windows\System32\PSAPI.DLL
0x00007ffb07a30000 - 0x00007ffb07a4d000 	C:\windows\SYSTEM32\dhcpcsvc6.DLL
0x00007ffb07a00000 - 0x00007ffb07a23000 	C:\windows\SYSTEM32\dhcpcsvc.DLL
0x00007ffaffba0000 - 0x00007ffaffbae000 	C:\Users\Jose David Vergara\.vscode\extensions\redhat.java-1.53.0-win32-x64\jre\21.0.10-win32-x86_64\bin\sunmscapi.dll
0x00007ffb12b10000 - 0x00007ffb12c87000 	C:\windows\System32\CRYPT32.dll
0x00007ffb11060000 - 0x00007ffb11090000 	C:\windows\SYSTEM32\ncrypt.dll
0x00007ffb11010000 - 0x00007ffb1104f000 	C:\windows\SYSTEM32\NTASN1.dll
0x00007ffb0ffa0000 - 0x00007ffb100ca000 	C:\windows\SYSTEM32\DNSAPI.dll
0x00007ffb00ea0000 - 0x00007ffb00eab000 	C:\Windows\System32\rasadhlp.dll
0x00007ffb091a0000 - 0x00007ffb09226000 	C:\windows\System32\fwpuclnt.dll
0x00007ffaffb90000 - 0x00007ffaffb99000 	C:\Users\Jose David Vergara\.vscode\extensions\redhat.java-1.53.0-win32-x64\jre\21.0.10-win32-x86_64\bin\extnet.dll
0x00007ffaddf60000 - 0x00007ffaddf68000 	C:\windows\system32\wshunix.dll

JVMTI agents:
c:\Users\Jose David Vergara\.vscode\extensions\redhat.java-1.53.0-win32-x64\lombok\lombok-1.18.39-4050.jar path:c:\Users\Jose David Vergara\.vscode\extensions\redhat.java-1.53.0-win32-x64\jre\21.0.10-win32-x86_64\bin\instrument.dll, loaded, initialized, instrumentlib options:none

dbghelp: loaded successfully - version: 4.0.5 - missing functions: none
symbol engine: initialized successfully - sym options: 0x614 - pdb path: .;c:\Users\Jose David Vergara\.vscode\extensions\redhat.java-1.53.0-win32-x64\jre\21.0.10-win32-x86_64\bin;C:\windows\SYSTEM32;C:\windows\WinSxS\amd64_microsoft.windows.common-controls_6595b64144ccf1df_6.0.26100.8037_none_3e092faae333b53b;c:\Users\Jose David Vergara\.vscode\extensions\redhat.java-1.53.0-win32-x64\jre\21.0.10-win32-x86_64\bin\server;C:\Users\Jose David Vergara\AppData\Roaming\Code\User\globalStorage\redhat.java\1.53.0\config_win\org.eclipse.equinox.launcher\org.eclipse.equinox.launcher.win32.win32.x86_64_1.3.0.v20260203-2149;C:\Users\Jose David Vergara\AppData\Local\Temp\jna-1196667607

VM Arguments:
jvm_args: --add-modules=ALL-SYSTEM --add-opens=java.base/java.util=ALL-UNNAMED --add-opens=java.base/java.lang=ALL-UNNAMED --add-opens=java.base/sun.nio.fs=ALL-UNNAMED -Declipse.application=org.eclipse.jdt.ls.core.id1 -Dosgi.bundles.defaultStartLevel=4 -Declipse.product=org.eclipse.jdt.ls.core.product -Djava.import.generatesMetadataFilesAtProjectRoot=false -DDetectVMInstallationsJob.disabled=true -Dfile.encoding=utf8 -XX:+UseParallelGC -XX:GCTimeRatio=4 -XX:AdaptiveSizePolicyWeight=90 -Dsun.zip.disableMemoryMapping=true -Xmx2G -Xms100m -Xlog:disable -javaagent:c:\Users\Jose David Vergara\.vscode\extensions\redhat.java-1.53.0-win32-x64\lombok\lombok-1.18.39-4050.jar -XX:+HeapDumpOnOutOfMemoryError -XX:HeapDumpPath=c:\Users\Jose David Vergara\AppData\Roaming\Code\User\workspaceStorage\6995c0b330234806b647ef0b9f053eca\redhat.java -Daether.dependencyCollector.impl=bf 
java_command: c:\Users\Jose David Vergara\.vscode\extensions\redhat.java-1.53.0-win32-x64\server\plugins\org.eclipse.equinox.launcher_1.7.100.v20251111-0406.jar -configuration c:\Users\Jose David Vergara\AppData\Roaming\Code\User\globalStorage\redhat.java\1.53.0\config_win -data c:\Users\Jose David Vergara\AppData\Roaming\Code\User\workspaceStorage\6995c0b330234806b647ef0b9f053eca\redhat.java\jdt_ws --pipe=\\.\pipe\lsp-955c6fc76ca268859e995c1ebb186fef-sock
java_class_path (initial): c:\Users\Jose David Vergara\.vscode\extensions\redhat.java-1.53.0-win32-x64\server\plugins\org.eclipse.equinox.launcher_1.7.100.v20251111-0406.jar
Launcher Type: SUN_STANDARD

[Global flags]
    uintx AdaptiveSizePolicyWeight                 = 90                                        {product} {command line}
     intx CICompilerCount                          = 4                                         {product} {ergonomic}
    uintx GCTimeRatio                              = 4                                         {product} {command line}
     bool HeapDumpOnOutOfMemoryError               = true                                   {manageable} {command line}
    ccstr HeapDumpPath                             = c:\Users\Jose David Vergara\AppData\Roaming\Code\User\workspaceStorage\6995c0b330234806b647ef0b9f053eca\redhat.java         {manageable} {command line}
   size_t InitialHeapSize                          = 104857600                                 {product} {command line}
   size_t MaxHeapSize                              = 2147483648                                {product} {command line}
   size_t MaxNewSize                               = 715653120                                 {product} {ergonomic}
   size_t MinHeapDeltaBytes                        = 524288                                    {product} {ergonomic}
   size_t MinHeapSize                              = 104857600                                 {product} {command line}
   size_t NewSize                                  = 34603008                                  {product} {ergonomic}
    uintx NonNMethodCodeHeapSize                   = 5839372                                {pd product} {ergonomic}
    uintx NonProfiledCodeHeapSize                  = 122909434                              {pd product} {ergonomic}
   size_t OldSize                                  = 70254592                                  {product} {ergonomic}
    uintx ProfiledCodeHeapSize                     = 122909434                              {pd product} {ergonomic}
    uintx ReservedCodeCacheSize                    = 251658240                              {pd product} {ergonomic}
     bool SegmentedCodeCache                       = true                                      {product} {ergonomic}
   size_t SoftMaxHeapSize                          = 2147483648                             {manageable} {ergonomic}
     bool UseCompressedOops                        = true                           {product lp64_product} {ergonomic}
     bool UseLargePagesIndividualAllocation        = false                                  {pd product} {ergonomic}
     bool UseParallelGC                            = true                                      {product} {command line}

Logging:
Log output configuration:
 #0: stdout all=off uptime,level,tags foldmultilines=false
 #1: stderr all=off uptime,level,tags foldmultilines=false

Release file:
JAVA_VERSION="21.0.10" 
MODULES="java.base java.compiler java.datatransfer java.xml java.prefs java.desktop java.instrument java.logging java.management java.security.sasl java.naming java.rmi java.management.rmi java.net.http java.scripting java.security.jgss java.transaction.xa java.sql java.sql.rowset java.xml.crypto java.se java.smartcardio jdk.accessibility jdk.internal.jvmstat jdk.attach jdk.charsets jdk.internal.opt jdk.zipfs jdk.compiler jdk.crypto.ec jdk.crypto.cryptoki jdk.crypto.mscapi jdk.dynalink jdk.internal.ed jdk.editpad jdk.hotspot.agent jdk.httpserver jdk.internal.le jdk.internal.vm.ci jdk.internal.vm.compiler jdk.internal.vm.compiler.management jdk.jartool jdk.javadoc jdk.jcmd jdk.management jdk.management.agent jdk.jconsole jdk.jdeps jdk.jdwp.agent jdk.jdi jdk.jfr jdk.jshell jdk.jsobject jdk.jstatd jdk.localedata jdk.management.jfr jdk.naming.dns jdk.naming.rmi jdk.net jdk.nio.mapmode jdk.random jdk.sctp jdk.security.auth jdk.security.jgss jdk.unsupported jdk.unsupported.desktop jdk.xml.dom" 

Environment Variables:
PATH=C:\Users\Jose David Vergara\AppData\Local\Programs\Microsoft VS Code;C:\Program Files\Common Files\Oracle\Java\javapath;C:\Python314\Scripts\;C:\Python314\;C:\Program Files (x86)\Common Files\Oracle\Java\java8path;C:\Program Files (x86)\Common Files\Oracle\Java\javapath;C:\windows\system32;C:\windows;C:\windows\System32\Wbem;C:\windows\System32\WindowsPowerShell\v1.0\;C:\windows\System32\OpenSSH\;C:\Program Files\HP\HP One Agent;C:\Program Files\dotnet\;C:\Program Files\nodejs\;C:\ProgramData\chocolatey\bin;C:\Program Files\Git\cmd;C:\Program Files\Microsoft SQL Server\170\Tools\Binn\;C:\Program Files\Microsoft SQL Server\Client SDK\ODBC\170\Tools\Binn\;C:\Program Files (x86)\Microsoft SQL Server\170\Tools\Binn\;C:\Program Files\Microsoft SQL Server\Client SDK\ODBC\180\Tools\Binn\;C:\Program Files\Microsoft SQL Server\170\DTS\Binn\;C:\Users\Jose David Vergara\AppData\Local\Microsoft\WindowsApps;C:\Users\Jose David Vergara\AppData\Local\Programs\Microsoft VS Code\bin;C:\Users\Jose David Vergara\.dotnet\tools;C:\Users\Jose David Vergara\AppData\Roaming\npm;C:\Users\Jose David Vergara\AppData\Local\PowerToys\;C:\Users\Jose David Vergara\AppData\Local\Programs\Antigravity\bin
USERNAME=Jose David Vergara
OS=Windows_NT
PROCESSOR_IDENTIFIER=Intel64 Family 6 Model 186 Stepping 3, GenuineIntel
TMP=C:\Users\JOSEDA~1\AppData\Local\Temp
TEMP=C:\Users\JOSEDA~1\AppData\Local\Temp




Periodic native trim disabled

---------------  S Y S T E M  ---------------

OS:
 Windows 11 , 64 bit Build 26100 (10.0.26100.7920)
OS uptime: 2 days 20:30 hours
Hyper-V role detected

CPU: total 8 (initial active 8) (4 cores per cpu, 2 threads per core) family 6 model 186 stepping 3 microcode 0x4123, cx8, cmov, fxsr, ht, mmx, 3dnowpref, sse, sse2, sse3, ssse3, sse4.1, sse4.2, popcnt, lzcnt, tsc, tscinvbit, avx, avx2, aes, erms, clmul, bmi1, bmi2, adx, sha, fma, vzeroupper, clflush, clflushopt, clwb, hv, serialize, rdtscp, rdpid, fsrm, f16c, cet_ibt, cet_ss
Processor Information for the first 8 processors :
  Max Mhz: 1200, Current Mhz: 1200, Mhz Limit: 1200

Memory: 4k page, system-wide physical 16095M (1281M free)
TotalPageFile size 26014M (AvailPageFile size 2M)
current process WorkingSet (physical memory assigned to process): 832M, peak: 1707M
current process commit charge ("private bytes"): 1331M, peak: 1775M

vm_info: OpenJDK 64-Bit Server VM (21.0.10+7-LTS) for windows-amd64 JRE (21.0.10+7-LTS), built on 2026-01-20T00:00:00Z by "admin" with MS VC++ 17.12 (VS2022)

END.
